<?xml version="1.0" encoding="UTF-8"?>
<!-- Generated by org.testng.reporters.JUnitXMLReporter -->
<testsuite ignored="0" hostname="DESKTOP-QECORG5" failures="0" tests="11" name="Surefire test" time="88.987" errors="0" timestamp="2024-07-11T04:20:43 IST">
  <testcase classname="HybridFrameworkTestNG.Testcases.Login_Test" name="verifyLoginWithInvalidCredentialsEmail" time="1.801"/>
  <testcase classname="HybridFrameworkTestNG.Testcases.Login_Test" name="verifyLoginWithInvalidCredentialsPassword" time="2.039"/>
  <testcase classname="HybridFrameworkTestNG.Testcases.Login_Test" name="verifyLoginWithValidCredentials" time="2.504"/>
  <testcase classname="HybridFrameworkTestNG.Testcases.Login_Test" name="verifyLoginWithValidCredentials" time="2.305"/>
  <testcase classname="HybridFrameworkTestNG.Testcases.RegisterTest" name="InvalidRegister" time="4.043"/>
  <testcase classname="HybridFrameworkTestNG.Testcases.RegisterTest" name="InvalidRegisterNil" time="1.564"/>
  <testcase classname="HybridFrameworkTestNG.Testcases.RegisterTest" name="LaunchBrowser_Register" time="2.911"/>
  <testcase classname="HybridFrameworkTestNG.Testcases.RegisterTest" name="Register_AllFields" time="3.025"/>
  <testcase classname="HybridFrameworkTestNG.Testcases.Search_Test" name="SearchBlank" time="2.104"/>
  <testcase classname="HybridFrameworkTestNG.Testcases.Search_Test" name="SearchHONDA" time="0.817"/>
  <testcase classname="HybridFrameworkTestNG.Testcases.Search_Test" name="SearchHP" time="2.674"/>
</testsuite> <!-- Surefire test -->
