<?xml version="1.0" encoding="UTF-8"?>
<!-- Generated by org.testng.reporters.JUnitXMLReporter -->
<testsuite ignored="0" hostname="Admins-MacBook-Pro.local" failures="0" tests="2" name="Default test" time="45.955" errors="0" timestamp="2024-07-14T20:07:15 IST">
  <testcase classname="BasePackage.Multipleclass_DataProvider" name="readfromdataprovider" time="25.76"/>
  <testcase classname="BasePackage.Multipleclass_DataProvider" name="readfromdataprovider" time="20.084"/>
</testsuite> <!-- Default test -->
