<?xml version="1.0" encoding="UTF-8"?>
<!-- Generated by org.testng.reporters.JUnitXMLReporter -->
<testsuite ignored="2" hostname="Admins-MacBook-Pro.local" failures="0" tests="2" name="Default test" time="40.031" errors="0" timestamp="2024-07-12T17:05:31 IST">
  <testcase classname="HybridFrameworkTestNG.Testcases.Login_Test" name="verifyLoginWithValidCredentials" time="7.564"/>
  <testcase classname="HybridFrameworkTestNG.Testcases.Login_Test" name="verifyLoginWithValidCredentials" time="7.935"/>
  <testcase classname="HybridFrameworkTestNG.Testcases.Login_Test" name="verifyLoginWithInvalidCredentialsEmail" time="0.0">
    <ignored/>
  </testcase> <!-- verifyLoginWithInvalidCredentialsEmail -->
  <testcase classname="HybridFrameworkTestNG.Testcases.Login_Test" name="verifyLoginWithInvalidCredentialsPassword" time="0.0">
    <ignored/>
  </testcase> <!-- verifyLoginWithInvalidCredentialsPassword -->
</testsuite> <!-- Default test -->
