<?xml version="1.0" encoding="UTF-8"?>
<!-- Generated by org.testng.reporters.JUnitXMLReporter -->
<testsuite ignored="0" hostname="Admins-MacBook-Pro.local" failures="0" tests="11" name="Test" time="275.748" errors="0" timestamp="2024-07-12T17:11:38 IST">
  <testcase classname="HybridFrameworkTestNG.Testcases.Search_Test" name="SearchBlank" time="3.449"/>
  <testcase classname="HybridFrameworkTestNG.Testcases.Search_Test" name="SearchHONDA" time="4.826"/>
  <testcase classname="HybridFrameworkTestNG.Testcases.Search_Test" name="SearchHP" time="5.038"/>
  <testcase classname="HybridFrameworkTestNG.Testcases.RegisterTest" name="InvalidRegister" time="15.658"/>
  <testcase classname="HybridFrameworkTestNG.Testcases.RegisterTest" name="InvalidRegisterNil" time="11.674"/>
  <testcase classname="HybridFrameworkTestNG.Testcases.RegisterTest" name="LaunchBrowser_Register" time="14.74"/>
  <testcase classname="HybridFrameworkTestNG.Testcases.RegisterTest" name="Register_AllFields" time="15.058"/>
  <testcase classname="HybridFrameworkTestNG.Testcases.Login_Test" name="verifyLoginWithInvalidCredentialsEmail" time="8.783"/>
  <testcase classname="HybridFrameworkTestNG.Testcases.Login_Test" name="verifyLoginWithInvalidCredentialsPassword" time="8.28"/>
  <testcase classname="HybridFrameworkTestNG.Testcases.Login_Test" name="verifyLoginWithValidCredentials" time="9.698"/>
  <testcase classname="HybridFrameworkTestNG.Testcases.Login_Test" name="verifyLoginWithValidCredentials" time="9.999"/>
</testsuite> <!-- Test -->
