<?xml version="1.0" encoding="UTF-8"?>
<!-- Generated by org.testng.reporters.JUnitXMLReporter -->
<testsuite ignored="0" hostname="Admins-MacBook-Pro.local" failures="0" tests="11" name="Test" time="280.354" errors="0" timestamp="2024-07-12T18:49:58 IST">
  <testcase classname="HybridFrameworkTestNG.Testcases.Search_Test" name="SearchBlank" time="3.964"/>
  <testcase classname="HybridFrameworkTestNG.Testcases.Search_Test" name="SearchHONDA" time="4.978"/>
  <testcase classname="HybridFrameworkTestNG.Testcases.Search_Test" name="SearchHP" time="5.174"/>
  <testcase classname="HybridFrameworkTestNG.Testcases.RegisterTest" name="InvalidRegister" time="15.467"/>
  <testcase classname="HybridFrameworkTestNG.Testcases.RegisterTest" name="InvalidRegisterNil" time="11.567"/>
  <testcase classname="HybridFrameworkTestNG.Testcases.RegisterTest" name="LaunchBrowser_Register" time="14.695"/>
  <testcase classname="HybridFrameworkTestNG.Testcases.RegisterTest" name="Register_AllFields" time="14.335"/>
  <testcase classname="HybridFrameworkTestNG.Testcases.Login_Test" name="verifyLoginWithInvalidCredentialsEmail" time="8.563"/>
  <testcase classname="HybridFrameworkTestNG.Testcases.Login_Test" name="verifyLoginWithInvalidCredentialsPassword" time="8.593"/>
  <testcase classname="HybridFrameworkTestNG.Testcases.Login_Test" name="verifyLoginWithValidCredentials" time="9.823"/>
  <testcase classname="HybridFrameworkTestNG.Testcases.Login_Test" name="verifyLoginWithValidCredentials" time="9.964"/>
</testsuite> <!-- Test -->
