<?xml version="1.0" encoding="UTF-8"?>
<testsuite xmlns:xsi="http://www.w3.org/2001/XMLSchema-instance" xsi:noNamespaceSchemaLocation="https://maven.apache.org/surefire/maven-surefire-plugin/xsd/surefire-test-report.xsd" name="TestSuite" time="55.191" tests="11" errors="0" skipped="0" failures="0">
  <properties>
[...]
</properties>
  <testcase name="verifyLoginWithInvalidCredentialsEmail" classname="HybridFrameworkTestNG.Testcases.Login_Test" time="1.165"/>
  <testcase name="verifyLoginWithInvalidCredentialsPassword" classname="HybridFrameworkTestNG.Testcases.Login_Test" time="1.356"/>
  <testcase name="verifyLoginWithValidCredentials" classname="HybridFrameworkTestNG.Testcases.Login_Test" time="1.343"/>
  <testcase name="verifyLoginWithValidCredentials" classname="HybridFrameworkTestNG.Testcases.Login_Test" time="1.403"/>
  <testcase name="SearchBlank" classname="HybridFrameworkTestNG.Testcases.Search_Test" time="0.541"/>
  <testcase name="SearchHONDA" classname="HybridFrameworkTestNG.Testcases.Search_Test" time="0.551"/>
  <testcase name="SearchHP" classname="HybridFrameworkTestNG.Testcases.Search_Test" time="0.723"/>
  <testcase name="InvalidRegister" classname="HybridFrameworkTestNG.Testcases.RegisterTest" time="1.748"/>
  <testcase name="InvalidRegisterNil" classname="HybridFrameworkTestNG.Testcases.RegisterTest" time="1.247"/>
  <testcase name="LaunchBrowser_Register" classname="HybridFrameworkTestNG.Testcases.RegisterTest" time="2.074"/>
  <testcase name="Register_AllFields" classname="HybridFrameworkTestNG.Testcases.RegisterTest" time="2.018"/>
</testsuite>