<?xml version="1.0" encoding="UTF-8"?>
<testng-results ignored="0" total="11" passed="11" failed="0" skipped="0">
  <reporter-output>
  </reporter-output>
  <suite started-at="2024-07-15T05:33:28 IST" name="Surefire suite" finished-at="2024-07-15T05:34:23 IST" duration-ms="54623">
    <groups>
    </groups>
    <test started-at="2024-07-15T05:33:28 IST" name="Surefire test" finished-at="2024-07-15T05:34:23 IST" duration-ms="54623">
      <class name="HybridFrameworkTestNG.Testcases.Search_Test">
        <test-method is-config="true" signature="launchbrowser()[pri:0, instance:HybridFrameworkTestNG.Testcases.Search_Test@7daa0fbd]" started-at="2024-07-15T05:33:49 IST" name="launchbrowser" finished-at="2024-07-15T05:33:52 IST" duration-ms="3491" status="PASS">
          <reporter-output>
          </reporter-output>
        </test-method> <!-- launchbrowser -->
        <test-method signature="SearchBlank()[pri:0, instance:HybridFrameworkTestNG.Testcases.Search_Test@7daa0fbd]" started-at="2024-07-15T05:33:52 IST" name="SearchBlank" finished-at="2024-07-15T05:33:53 IST" duration-ms="540" status="PASS">
          <reporter-output>
          </reporter-output>
        </test-method> <!-- SearchBlank -->
        <test-method is-config="true" signature="cleanup()[pri:0, instance:HybridFrameworkTestNG.Testcases.Search_Test@7daa0fbd]" started-at="2024-07-15T05:33:53 IST" name="cleanup" finished-at="2024-07-15T05:33:53 IST" duration-ms="123" status="PASS">
          <reporter-output>
          </reporter-output>
        </test-method> <!-- cleanup -->
        <test-method is-config="true" signature="launchbrowser()[pri:0, instance:HybridFrameworkTestNG.Testcases.Search_Test@7daa0fbd]" started-at="2024-07-15T05:33:53 IST" name="launchbrowser" finished-at="2024-07-15T05:33:57 IST" duration-ms="3465" status="PASS">
          <reporter-output>
          </reporter-output>
        </test-method> <!-- launchbrowser -->
        <test-method signature="SearchHONDA()[pri:0, instance:HybridFrameworkTestNG.Testcases.Search_Test@7daa0fbd]" started-at="2024-07-15T05:33:57 IST" name="SearchHONDA" finished-at="2024-07-15T05:33:57 IST" duration-ms="551" status="PASS">
          <reporter-output>
          </reporter-output>
        </test-method> <!-- SearchHONDA -->
        <test-method is-config="true" signature="cleanup()[pri:0, instance:HybridFrameworkTestNG.Testcases.Search_Test@7daa0fbd]" started-at="2024-07-15T05:33:57 IST" name="cleanup" finished-at="2024-07-15T05:33:57 IST" duration-ms="192" status="PASS">
          <reporter-output>
          </reporter-output>
        </test-method> <!-- cleanup -->
        <test-method is-config="true" signature="launchbrowser()[pri:0, instance:HybridFrameworkTestNG.Testcases.Search_Test@7daa0fbd]" started-at="2024-07-15T05:33:57 IST" name="launchbrowser" finished-at="2024-07-15T05:34:01 IST" duration-ms="3411" status="PASS">
          <reporter-output>
          </reporter-output>
        </test-method> <!-- launchbrowser -->
        <test-method signature="SearchHP()[pri:0, instance:HybridFrameworkTestNG.Testcases.Search_Test@7daa0fbd]" started-at="2024-07-15T05:34:01 IST" name="SearchHP" finished-at="2024-07-15T05:34:01 IST" duration-ms="724" status="PASS">
          <reporter-output>
          </reporter-output>
        </test-method> <!-- SearchHP -->
        <test-method is-config="true" signature="cleanup()[pri:0, instance:HybridFrameworkTestNG.Testcases.Search_Test@7daa0fbd]" started-at="2024-07-15T05:34:01 IST" name="cleanup" finished-at="2024-07-15T05:34:02 IST" duration-ms="173" status="PASS">
          <reporter-output>
          </reporter-output>
        </test-method> <!-- cleanup -->
      </class> <!-- HybridFrameworkTestNG.Testcases.Search_Test -->
      <class name="HybridFrameworkTestNG.Testcases.Login_Test">
        <test-method is-config="true" signature="LaunchBrowser_Login()[pri:0, instance:HybridFrameworkTestNG.Testcases.Login_Test@4397ad89]" started-at="2024-07-15T05:33:28 IST" name="LaunchBrowser_Login" finished-at="2024-07-15T05:33:33 IST" duration-ms="4581" status="PASS">
          <reporter-output>
          </reporter-output>
        </test-method> <!-- LaunchBrowser_Login -->
        <test-method signature="verifyLoginWithInvalidCredentialsEmail()[pri:0, instance:HybridFrameworkTestNG.Testcases.Login_Test@4397ad89]" started-at="2024-07-15T05:33:33 IST" name="verifyLoginWithInvalidCredentialsEmail" finished-at="2024-07-15T05:33:34 IST" duration-ms="1163" status="PASS">
          <reporter-output>
          </reporter-output>
        </test-method> <!-- verifyLoginWithInvalidCredentialsEmail -->
        <test-method is-config="true" signature="browsercleanup()[pri:0, instance:HybridFrameworkTestNG.Testcases.Login_Test@4397ad89]" started-at="2024-07-15T05:33:34 IST" name="browsercleanup" finished-at="2024-07-15T05:33:34 IST" duration-ms="183" status="PASS">
          <reporter-output>
          </reporter-output>
        </test-method> <!-- browsercleanup -->
        <test-method is-config="true" signature="LaunchBrowser_Login()[pri:0, instance:HybridFrameworkTestNG.Testcases.Login_Test@4397ad89]" started-at="2024-07-15T05:33:34 IST" name="LaunchBrowser_Login" finished-at="2024-07-15T05:33:38 IST" duration-ms="3426" status="PASS">
          <reporter-output>
          </reporter-output>
        </test-method> <!-- LaunchBrowser_Login -->
        <test-method signature="verifyLoginWithInvalidCredentialsPassword()[pri:0, instance:HybridFrameworkTestNG.Testcases.Login_Test@4397ad89]" started-at="2024-07-15T05:33:38 IST" name="verifyLoginWithInvalidCredentialsPassword" finished-at="2024-07-15T05:33:39 IST" duration-ms="1356" status="PASS">
          <reporter-output>
          </reporter-output>
        </test-method> <!-- verifyLoginWithInvalidCredentialsPassword -->
        <test-method is-config="true" signature="browsercleanup()[pri:0, instance:HybridFrameworkTestNG.Testcases.Login_Test@4397ad89]" started-at="2024-07-15T05:33:39 IST" name="browsercleanup" finished-at="2024-07-15T05:33:39 IST" duration-ms="164" status="PASS">
          <reporter-output>
          </reporter-output>
        </test-method> <!-- browsercleanup -->
        <test-method is-config="true" signature="LaunchBrowser_Login()[pri:0, instance:HybridFrameworkTestNG.Testcases.Login_Test@4397ad89]" started-at="2024-07-15T05:33:39 IST" name="LaunchBrowser_Login" finished-at="2024-07-15T05:33:43 IST" duration-ms="3387" status="PASS">
          <reporter-output>
          </reporter-output>
        </test-method> <!-- LaunchBrowser_Login -->
        <test-method signature="verifyLoginWithValidCredentials(java.lang.String,java.lang.String)[pri:0, instance:HybridFrameworkTestNG.Testcases.Login_Test@4397ad89]" started-at="2024-07-15T05:33:43 IST" name="verifyLoginWithValidCredentials" data-provider="SupplyTestData" finished-at="2024-07-15T05:33:44 IST" duration-ms="1344" status="PASS">
          <params>
            <param index="0">
              <value>
                <![CDATA[hemangmahajani10@gmail.com]]>
              </value>
            </param>
            <param index="1">
              <value>
                <![CDATA[12345]]>
              </value>
            </param>
          </params>
          <reporter-output>
          </reporter-output>
        </test-method> <!-- verifyLoginWithValidCredentials -->
        <test-method is-config="true" signature="browsercleanup()[pri:0, instance:HybridFrameworkTestNG.Testcases.Login_Test@4397ad89]" started-at="2024-07-15T05:33:44 IST" name="browsercleanup" finished-at="2024-07-15T05:33:44 IST" duration-ms="114" status="PASS">
          <reporter-output>
          </reporter-output>
        </test-method> <!-- browsercleanup -->
        <test-method is-config="true" signature="LaunchBrowser_Login()[pri:0, instance:HybridFrameworkTestNG.Testcases.Login_Test@4397ad89]" started-at="2024-07-15T05:33:44 IST" name="LaunchBrowser_Login" finished-at="2024-07-15T05:33:47 IST" duration-ms="3327" status="PASS">
          <reporter-output>
          </reporter-output>
        </test-method> <!-- LaunchBrowser_Login -->
        <test-method signature="verifyLoginWithValidCredentials(java.lang.String,java.lang.String)[pri:0, instance:HybridFrameworkTestNG.Testcases.Login_Test@4397ad89]" started-at="2024-07-15T05:33:47 IST" name="verifyLoginWithValidCredentials" data-provider="SupplyTestData" finished-at="2024-07-15T05:33:49 IST" duration-ms="1403" status="PASS">
          <params>
            <param index="0">
              <value>
                <![CDATA[Hemang2642IS@gmail.com]]>
              </value>
            </param>
            <param index="1">
              <value>
                <![CDATA[12345]]>
              </value>
            </param>
          </params>
          <reporter-output>
          </reporter-output>
        </test-method> <!-- verifyLoginWithValidCredentials -->
        <test-method is-config="true" signature="browsercleanup()[pri:0, instance:HybridFrameworkTestNG.Testcases.Login_Test@4397ad89]" started-at="2024-07-15T05:33:49 IST" name="browsercleanup" finished-at="2024-07-15T05:33:49 IST" duration-ms="140" status="PASS">
          <reporter-output>
          </reporter-output>
        </test-method> <!-- browsercleanup -->
      </class> <!-- HybridFrameworkTestNG.Testcases.Login_Test -->
      <class name="HybridFrameworkTestNG.Testcases.RegisterTest">
        <test-method is-config="true" signature="LaunchBrowser()[pri:0, instance:HybridFrameworkTestNG.Testcases.RegisterTest@42530531]" started-at="2024-07-15T05:34:02 IST" name="LaunchBrowser" finished-at="2024-07-15T05:34:05 IST" duration-ms="3417" status="PASS">
          <reporter-output>
          </reporter-output>
        </test-method> <!-- LaunchBrowser -->
        <test-method signature="InvalidRegister()[pri:0, instance:HybridFrameworkTestNG.Testcases.RegisterTest@42530531]" started-at="2024-07-15T05:34:05 IST" name="InvalidRegister" finished-at="2024-07-15T05:34:07 IST" duration-ms="1748" status="PASS">
          <reporter-output>
          </reporter-output>
        </test-method> <!-- InvalidRegister -->
        <test-method is-config="true" signature="browsercleanup()[pri:0, instance:HybridFrameworkTestNG.Testcases.RegisterTest@42530531]" started-at="2024-07-15T05:34:07 IST" name="browsercleanup" finished-at="2024-07-15T05:34:07 IST" duration-ms="138" status="PASS">
          <reporter-output>
          </reporter-output>
        </test-method> <!-- browsercleanup -->
        <test-method is-config="true" signature="LaunchBrowser()[pri:0, instance:HybridFrameworkTestNG.Testcases.RegisterTest@42530531]" started-at="2024-07-15T05:34:07 IST" name="LaunchBrowser" finished-at="2024-07-15T05:34:10 IST" duration-ms="3389" status="PASS">
          <reporter-output>
          </reporter-output>
        </test-method> <!-- LaunchBrowser -->
        <test-method signature="InvalidRegisterNil()[pri:0, instance:HybridFrameworkTestNG.Testcases.RegisterTest@42530531]" started-at="2024-07-15T05:34:10 IST" name="InvalidRegisterNil" finished-at="2024-07-15T05:34:12 IST" duration-ms="1246" status="PASS">
          <reporter-output>
          </reporter-output>
        </test-method> <!-- InvalidRegisterNil -->
        <test-method is-config="true" signature="browsercleanup()[pri:0, instance:HybridFrameworkTestNG.Testcases.RegisterTest@42530531]" started-at="2024-07-15T05:34:12 IST" name="browsercleanup" finished-at="2024-07-15T05:34:12 IST" duration-ms="166" status="PASS">
          <reporter-output>
          </reporter-output>
        </test-method> <!-- browsercleanup -->
        <test-method is-config="true" signature="LaunchBrowser()[pri:0, instance:HybridFrameworkTestNG.Testcases.RegisterTest@42530531]" started-at="2024-07-15T05:34:12 IST" name="LaunchBrowser" finished-at="2024-07-15T05:34:15 IST" duration-ms="3369" status="PASS">
          <reporter-output>
          </reporter-output>
        </test-method> <!-- LaunchBrowser -->
        <test-method signature="LaunchBrowser_Register()[pri:0, instance:HybridFrameworkTestNG.Testcases.RegisterTest@42530531]" started-at="2024-07-15T05:34:15 IST" name="LaunchBrowser_Register" finished-at="2024-07-15T05:34:17 IST" duration-ms="2074" status="PASS">
          <reporter-output>
          </reporter-output>
        </test-method> <!-- LaunchBrowser_Register -->
        <test-method is-config="true" signature="browsercleanup()[pri:0, instance:HybridFrameworkTestNG.Testcases.RegisterTest@42530531]" started-at="2024-07-15T05:34:17 IST" name="browsercleanup" finished-at="2024-07-15T05:34:17 IST" duration-ms="172" status="PASS">
          <reporter-output>
          </reporter-output>
        </test-method> <!-- browsercleanup -->
        <test-method is-config="true" signature="LaunchBrowser()[pri:0, instance:HybridFrameworkTestNG.Testcases.RegisterTest@42530531]" started-at="2024-07-15T05:34:17 IST" name="LaunchBrowser" finished-at="2024-07-15T05:34:21 IST" duration-ms="3407" status="PASS">
          <reporter-output>
          </reporter-output>
        </test-method> <!-- LaunchBrowser -->
        <test-method signature="Register_AllFields()[pri:0, instance:HybridFrameworkTestNG.Testcases.RegisterTest@42530531]" started-at="2024-07-15T05:34:21 IST" name="Register_AllFields" finished-at="2024-07-15T05:34:23 IST" duration-ms="2018" status="PASS">
          <reporter-output>
          </reporter-output>
        </test-method> <!-- Register_AllFields -->
        <test-method is-config="true" signature="browsercleanup()[pri:0, instance:HybridFrameworkTestNG.Testcases.RegisterTest@42530531]" started-at="2024-07-15T05:34:23 IST" name="browsercleanup" finished-at="2024-07-15T05:34:23 IST" duration-ms="171" status="PASS">
          <reporter-output>
          </reporter-output>
        </test-method> <!-- browsercleanup -->
      </class> <!-- HybridFrameworkTestNG.Testcases.RegisterTest -->
    </test> <!-- Surefire test -->
  </suite> <!-- Surefire suite -->
</testng-results>
